<?xml version="1.0" encoding="UTF-8"?>
<!-- Generated by org.testng.reporters.JUnitXMLReporter -->
<testsuite ignored="0" hostname="DESKTOP-9NIH3SE" failures="0" tests="1" name="Test-firefox" time="32.766" errors="0" timestamp="2024-07-09T16:50:40 IST">
  <testcase classname="contactsTests.CreateNewContactsWithStringsField" name="createNewContactsWithStringsFieldsOnly" time="13.706"/>
</testsuite> <!-- Test-firefox -->
