<?xml version="1.0" encoding="UTF-8"?>
<!-- Generated by org.testng.reporters.JUnitXMLReporter -->
<testsuite ignored="12" hostname="DESKTOP-9NIH3SE" failures="0" tests="4" name="Test-Regression-Runner" time="54.428" errors="0" timestamp="2024-07-09T15:38:01 IST">
  <testcase classname="contactsTests.CreateNewContactsWithChildWindows" name="createNewContactWithChildWindowsOnly" time="20.824"/>
  <testcase classname="contactsTests.CreateNewContactsWithNumberField" name="createNewContactsWithNumberFieldsOnly" time="0.0">
    <skipped/>
  </testcase> <!-- createNewContactsWithNumberFieldsOnly -->
  <testcase classname="contactsTests.CreateNewContactsWithStringsField" name="createNewContactsWithStringsFieldsOnly" time="0.0">
    <skipped/>
  </testcase> <!-- createNewContactsWithStringsFieldsOnly -->
  <testcase classname="contactsTests.CreateNewContactsWithDropDowns" name="createNewContactWithDropDownsOnly" time="0.0">
    <skipped/>
  </testcase> <!-- createNewContactWithDropDownsOnly -->
  <testcase classname="genericUtilities.BaseClass" name="@BeforeTest beforeClassConfiguration" time="0.0">
    <ignored/>
  </testcase> <!-- @BeforeTest beforeClassConfiguration -->
  <testcase classname="genericUtilities.BaseClass" name="@BeforeSuite beforeSuiteConfiguration" time="0.0">
    <ignored/>
  </testcase> <!-- @BeforeSuite beforeSuiteConfiguration -->
  <testcase classname="genericUtilities.BaseClass" name="@AfterSuite afterSuiteConfiguration" time="0.0">
    <ignored/>
  </testcase> <!-- @AfterSuite afterSuiteConfiguration -->
  <testcase classname="genericUtilities.BaseClass" name="@AfterTest afterClassConfiguration" time="0.0">
    <ignored/>
  </testcase> <!-- @AfterTest afterClassConfiguration -->
  <testcase classname="genericUtilities.BaseClass" name="@BeforeSuite beforeSuiteConfiguration" time="0.0">
    <ignored/>
  </testcase> <!-- @BeforeSuite beforeSuiteConfiguration -->
  <testcase classname="genericUtilities.BaseClass" name="@AfterSuite afterSuiteConfiguration" time="0.0">
    <ignored/>
  </testcase> <!-- @AfterSuite afterSuiteConfiguration -->
  <testcase classname="genericUtilities.BaseClass" name="@BeforeSuite beforeSuiteConfiguration" time="0.0">
    <ignored/>
  </testcase> <!-- @BeforeSuite beforeSuiteConfiguration -->
  <testcase classname="genericUtilities.BaseClass" name="@BeforeTest beforeClassConfiguration" time="0.0">
    <ignored/>
  </testcase> <!-- @BeforeTest beforeClassConfiguration -->
  <testcase classname="genericUtilities.BaseClass" name="@AfterTest afterClassConfiguration" time="0.0">
    <ignored/>
  </testcase> <!-- @AfterTest afterClassConfiguration -->
  <testcase classname="genericUtilities.BaseClass" name="@AfterSuite afterSuiteConfiguration" time="0.0">
    <ignored/>
  </testcase> <!-- @AfterSuite afterSuiteConfiguration -->
  <testcase classname="genericUtilities.BaseClass" name="@BeforeTest beforeClassConfiguration" time="0.0">
    <ignored/>
  </testcase> <!-- @BeforeTest beforeClassConfiguration -->
  <testcase classname="genericUtilities.BaseClass" name="@AfterTest afterClassConfiguration" time="0.0">
    <ignored/>
  </testcase> <!-- @AfterTest afterClassConfiguration -->
</testsuite> <!-- Test-Regression-Runner -->
