<?xml version="1.0" encoding="UTF-8"?>
<!-- Generated by org.testng.reporters.JUnitXMLReporter -->
<testsuite ignored="0" hostname="DESKTOP-9NIH3SE" failures="0" tests="1" name="Test-edge" time="31.164" errors="0" timestamp="2024-07-09T16:50:38 IST">
  <testcase classname="contactsTests.CreateNewContactsWithStringsField" name="createNewContactsWithStringsFieldsOnly" time="16.4"/>
</testsuite> <!-- Test-edge -->
