<?xml version="1.0" encoding="UTF-8"?>
<!-- Generated by org.testng.reporters.JUnitXMLReporter -->
<testsuite ignored="0" hostname="DESKTOP-9NIH3SE" failures="0" tests="1" name="Test-Runner-3" time="20.485" errors="0" timestamp="2024-07-09T16:14:29 IST">
  <testcase classname="contactsTests.CreateNewContactsWithCheckBoxAndBirthday" name="createNewContactWithCheckBoxAndBirthdayOnly" time="11.001"/>
</testsuite> <!-- Test-Runner-3 -->
