<?xml version="1.0" encoding="UTF-8"?>
<!-- Generated by org.testng.reporters.JUnitReportReporter -->
<testsuite hostname="DESKTOP-9NIH3SE" failures="0" tests="5" name="contactsTests.CreateNewContactsWithMultiplePrifixAndLeadSourceTest" time="55.852" errors="0" timestamp="2024-07-10T14:32:45 IST" skipped="0">
  <testcase classname="contactsTests.CreateNewContactsWithMultiplePrifixAndLeadSourceTest" name="createMultiplePrifixAndLeadSourceOnly" time="11.384">
    <system-out>
      <![CDATA[Clicked on Contact Link
Clicked on Create Contact look up image
Conatct with multiple prefix and lead source created
Contact verified]]>
    </system-out>
  </testcase> <!-- createMultiplePrifixAndLeadSourceOnly -->
  <testcase classname="contactsTests.CreateNewContactsWithMultiplePrifixAndLeadSourceTest" name="createMultiplePrifixAndLeadSourceOnly" time="11.199">
    <system-out>
      <![CDATA[Clicked on Contact Link
Clicked on Create Contact look up image
Conatct with multiple prefix and lead source created
Contact verified]]>
    </system-out>
  </testcase> <!-- createMultiplePrifixAndLeadSourceOnly -->
  <testcase classname="contactsTests.CreateNewContactsWithMultiplePrifixAndLeadSourceTest" name="createMultiplePrifixAndLeadSourceOnly" time="11.355">
    <system-out>
      <![CDATA[Clicked on Contact Link
Clicked on Create Contact look up image
Conatct with multiple prefix and lead source created
Contact verified]]>
    </system-out>
  </testcase> <!-- createMultiplePrifixAndLeadSourceOnly -->
  <testcase classname="contactsTests.CreateNewContactsWithMultiplePrifixAndLeadSourceTest" name="createMultiplePrifixAndLeadSourceOnly" time="11.578">
    <system-out>
      <![CDATA[Clicked on Contact Link
Clicked on Create Contact look up image
Conatct with multiple prefix and lead source created
Contact verified]]>
    </system-out>
  </testcase> <!-- createMultiplePrifixAndLeadSourceOnly -->
  <testcase classname="contactsTests.CreateNewContactsWithMultiplePrifixAndLeadSourceTest" name="createMultiplePrifixAndLeadSourceOnly" time="10.336">
    <system-out>
      <![CDATA[Clicked on Contact Link
Clicked on Create Contact look up image
Conatct with multiple prefix and lead source created
Contact verified]]>
    </system-out>
  </testcase> <!-- createMultiplePrifixAndLeadSourceOnly -->
  <system-out>
    <![CDATA[Clicked on Contact Link
Clicked on Create Contact look up image
Conatct with multiple prefix and lead source created
Contact verified
Clicked on Contact Link
Clicked on Create Contact look up image
Conatct with multiple prefix and lead source created
Contact verified
Clicked on Contact Link
Clicked on Create Contact look up image
Conatct with multiple prefix and lead source created
Contact verified
Clicked on Contact Link
Clicked on Create Contact look up image
Conatct with multiple prefix and lead source created
Contact verified
Clicked on Contact Link
Clicked on Create Contact look up image
Conatct with multiple prefix and lead source created
Contact verified]]>
  </system-out>
</testsuite> <!-- contactsTests.CreateNewContactsWithMultiplePrifixAndLeadSourceTest -->
