<?xml version="1.0" encoding="UTF-8"?>
<!-- Generated by org.testng.reporters.JUnitReportReporter -->
<testsuite hostname="DESKTOP-9NIH3SE" failures="0" tests="1" name="contactsTests.CreateNewContactsWithCheckBox" time="23.600" errors="0" timestamp="2024-07-08T23:58:35 IST" skipped="0">
  <testcase classname="contactsTests.CreateNewContactsWithCheckBox" name="createNewCntactWithCheckBoxOnly" time="23.600"/>
</testsuite> <!-- contactsTests.CreateNewContactsWithCheckBox -->
