<?xml version="1.0" encoding="UTF-8"?>
<!-- Generated by org.testng.reporters.JUnitReportReporter -->
<testsuite hostname="DESKTOP-9NIH3SE" failures="0" tests="3" name="contactsTests.CreateNewContactsWithStringsField" time="63.794" errors="0" timestamp="2024-07-09T16:50:40 IST" skipped="0">
  <testcase classname="contactsTests.CreateNewContactsWithStringsField" name="createNewContactsWithStringsFieldsOnly" time="19.545">
    <system-out>
      <![CDATA[Test data read from excel file
Clicked on Contact Link
Clicked on Create Contact look up image
Conatct with child window created
Contact verified]]>
    </system-out>
  </testcase> <!-- createNewContactsWithStringsFieldsOnly -->
  <testcase classname="contactsTests.CreateNewContactsWithStringsField" name="createNewContactsWithStringsFieldsOnly" time="22.229">
    <system-out>
      <![CDATA[Test data read from excel file
Clicked on Contact Link
Clicked on Create Contact look up image
Conatct with child window created
Contact verified]]>
    </system-out>
  </testcase> <!-- createNewContactsWithStringsFieldsOnly -->
  <testcase classname="contactsTests.CreateNewContactsWithStringsField" name="createNewContactsWithStringsFieldsOnly" time="22.020">
    <system-out>
      <![CDATA[Test data read from excel file
Clicked on Contact Link
Clicked on Create Contact look up image
Conatct with child window created
Contact verified]]>
    </system-out>
  </testcase> <!-- createNewContactsWithStringsFieldsOnly -->
  <system-out>
    <![CDATA[Test data read from excel file
Test data read from excel file
Test data read from excel file
Clicked on Contact Link
Clicked on Contact Link
Clicked on Create Contact look up image
Clicked on Create Contact look up image
Clicked on Contact Link
Clicked on Create Contact look up image
Conatct with child window created
Contact verified
Conatct with child window created
Contact verified
Conatct with child window created
Contact verified]]>
  </system-out>
</testsuite> <!-- contactsTests.CreateNewContactsWithStringsField -->
